<?xml version="1.0" encoding="UTF-8"?>
<!-- Generated by org.testng.reporters.JUnitReportReporter -->
<testsuite hostname="IFOCUSODC-PC47" name="API_VootKids_Sprint1.SignUp" tests="1" failures="0" timestamp="7 Jun 2018 10:36:57 GMT" time="28.396" errors="0">
  <testcase name="SignUp_Kids" time="28.396" classname="API_VootKids_Sprint1.SignUp"/>
</testsuite> <!-- API_VootKids_Sprint1.SignUp -->
