<?xml version="1.0" encoding="UTF-8"?>
<!-- Generated by org.testng.reporters.JUnitReportReporter -->
<testsuite hostname="IFOCUSODC-PC47" name="API_VootKids_Sprint1.ForgotPin" tests="1" failures="0" timestamp="6 Jun 2018 18:05:27 GMT" time="7.115" errors="0">
  <testcase name="Forgot_Pin" time="7.115" classname="API_VootKids_Sprint1.ForgotPin"/>
</testsuite> <!-- API_VootKids_Sprint1.ForgotPin -->
