<?xml version="1.0" encoding="UTF-8"?>
<!-- Generated by org.testng.reporters.JUnitReportReporter -->
<testsuite hostname="IFOCUSODC-PC47" name="API_VootKids_Sprint3.VootTest" tests="1" failures="0" timestamp="23 May 2018 12:44:32 GMT" time="2.572" errors="0">
  <testcase name="testAuto" time="2.572" classname="API_VootKids_Sprint3.VootTest"/>
</testsuite> <!-- API_VootKids_Sprint3.VootTest -->
