<?xml version="1.0" encoding="UTF-8"?>
<!-- Generated by org.testng.reporters.JUnitReportReporter -->
<testsuite hostname="IFOCUSODC-PC47" name="API_VootKids.CreatePin" tests="1" failures="0" timestamp="11 May 2018 17:51:04 GMT" time="50.356" errors="0">
  <testcase name="CreatePin1" time="50.356" classname="API_VootKids.CreatePin"/>
</testsuite> <!-- API_VootKids.CreatePin -->
