<?xml version="1.0" encoding="UTF-8"?>
<!-- Generated by org.testng.reporters.JUnitReportReporter -->
<testsuite hostname="IFOCUSODC-PC5" name="API_VootKids_Sprint4.AudioDailyPicks" tests="1" failures="0" timestamp="13 Jun 2018 10:49:44 GMT" time="7.823" errors="0">
  <testcase name="audioDailyPicks" time="7.823" classname="API_VootKids_Sprint4.AudioDailyPicks"/>
</testsuite> <!-- API_VootKids_Sprint4.AudioDailyPicks -->
