<?xml version="1.0" encoding="UTF-8"?>
<!-- Generated by org.testng.reporters.JUnitReportReporter -->
<testsuite hostname="IFOCUSODC-PC5" name="API_VootKids_Sprint2.Channel" tests="1" failures="0" timestamp="18 Jun 2018 09:42:47 GMT" time="36.359" errors="0">
  <testcase name="Channels_kidsPage" time="36.359" classname="API_VootKids_Sprint2.Channel"/>
</testsuite> <!-- API_VootKids_Sprint2.Channel -->
