<?xml version="1.0" encoding="UTF-8"?>
<!-- Generated by org.testng.reporters.JUnitReportReporter -->
<testsuite hostname="IFOCUSODC-PC47" name="API_VootKids_Sprint1.ResetPin" tests="1" failures="0" timestamp="6 Jun 2018 11:36:30 GMT" time="8.367" errors="0">
  <testcase name="reset_Pin" time="8.367" classname="API_VootKids_Sprint1.ResetPin"/>
</testsuite> <!-- API_VootKids_Sprint1.ResetPin -->
