<?xml version="1.0" encoding="UTF-8"?>
<!-- Generated by org.testng.reporters.JUnitReportReporter -->
<testsuite hostname="IFOCUSODC-PC47" name="API_VootKids.Login" tests="1" failures="0" timestamp="14 May 2018 14:52:36 GMT" time="3.511" errors="0">
  <testcase name="Login_Kids" time="3.511" classname="API_VootKids.Login"/>
</testsuite> <!-- API_VootKids.Login -->
