<?xml version="1.0" encoding="UTF-8"?>
<!-- Generated by org.testng.reporters.JUnitReportReporter -->
<testsuite hostname="IFOCUSODC-PC5" name="SamplePackage.Sample_Authentication" tests="1" failures="0" timestamp="16 Jun 2018 05:09:55 GMT" time="8.644" errors="0">
  <testcase name="authentication" time="8.644" classname="SamplePackage.Sample_Authentication"/>
</testsuite> <!-- SamplePackage.Sample_Authentication -->
