<?xml version="1.0" encoding="UTF-8"?>
<!-- Generated by org.testng.reporters.JUnitReportReporter -->
<testsuite hostname="IFOCUSODC-PC47" name="API_VootKids_Sprint1.SocialLogin" tests="1" failures="0" timestamp="7 Jun 2018 10:58:15 GMT" time="15.860" errors="0">
  <testcase name="Social_Login" time="15.860" classname="API_VootKids_Sprint1.SocialLogin"/>
</testsuite> <!-- API_VootKids_Sprint1.SocialLogin -->
