<?xml version="1.0" encoding="UTF-8"?>
<!-- Generated by org.testng.reporters.JUnitReportReporter -->
<testsuite hostname="IFOCUSODC-PC47" name="API_VootKids.ResetPassword" tests="1" failures="0" timestamp="11 May 2018 17:51:04 GMT" time="7.980" errors="0">
  <testcase name="reset_Password" time="7.980" classname="API_VootKids.ResetPassword"/>
</testsuite> <!-- API_VootKids.ResetPassword -->
