<?xml version="1.0" encoding="UTF-8"?>
<!-- Generated by org.testng.reporters.JUnitReportReporter -->
<testsuite hostname="IFOCUSODC-PC47" name="APIFrontend.VootTest" tests="1" failures="0" timestamp="23 May 2018 17:40:58 GMT" time="2.699" errors="0">
  <testcase name="testAuto" time="2.699" classname="APIFrontend.VootTest"/>
</testsuite> <!-- APIFrontend.VootTest -->
