<?xml version="1.0" encoding="UTF-8"?>
<!-- Generated by org.testng.reporters.JUnitReportReporter -->
<testsuite hostname="IFOCUSODC-PC47" name="API_VootKids_Sprint4.GetAudioList" tests="1" failures="0" timestamp="12 Jun 2018 17:29:03 GMT" time="8.903" errors="0">
  <testcase name="getAudioList" time="8.903" classname="API_VootKids_Sprint4.GetAudioList"/>
</testsuite> <!-- API_VootKids_Sprint4.GetAudioList -->
