<?xml version="1.0" encoding="UTF-8"?>
<!-- Generated by org.testng.reporters.JUnitReportReporter -->
<testsuite hostname="IFOCUSODC-PC47" name="API_VootKids_Sprint2.WatchHistory" tests="1" failures="0" timestamp="8 Jun 2018 12:44:11 GMT" time="36.758" errors="0">
  <testcase name="watch_history" time="36.758" classname="API_VootKids_Sprint2.WatchHistory"/>
</testsuite> <!-- API_VootKids_Sprint2.WatchHistory -->
