<?xml version="1.0" encoding="UTF-8"?>
<!-- Generated by org.testng.reporters.JUnitReportReporter -->
<testsuite hostname="IFOCUSODC-PC47" name="API_VootKids_Sprint4.SetUserPreferences" tests="1" failures="0" timestamp="12 Jun 2018 18:53:13 GMT" time="9.148" errors="0">
  <testcase name="setUserPreferences" time="9.148" classname="API_VootKids_Sprint4.SetUserPreferences"/>
</testsuite> <!-- API_VootKids_Sprint4.SetUserPreferences -->
