<?xml version="1.0" encoding="UTF-8"?>
<!-- Generated by org.testng.reporters.JUnitReportReporter -->
<testsuite hostname="IFOCUSODC-PC47" name="API_VootKids_Sprint1.Config" tests="1" failures="0" timestamp="7 Jun 2018 11:23:50 GMT" time="3.242" errors="0">
  <testcase name="config" time="3.242" classname="API_VootKids_Sprint1.Config"/>
</testsuite> <!-- API_VootKids_Sprint1.Config -->
