<?xml version="1.0" encoding="UTF-8"?>
<!-- Generated by org.testng.reporters.JUnitReportReporter -->
<testsuite hostname="IFOCUSODC-PC47" name="API_VootKids.ForgotPassword" tests="1" failures="0" timestamp="11 May 2018 17:51:04 GMT" time="4.244" errors="0">
  <testcase name="Forgot_Password" time="4.244" classname="API_VootKids.ForgotPassword"/>
</testsuite> <!-- API_VootKids.ForgotPassword -->
