<?xml version="1.0" encoding="UTF-8"?>
<!-- Generated by org.testng.reporters.JUnitReportReporter -->
<testsuite hostname="IFOCUSODC-PC47" name="API_VootKids_Sprint3.FavouriteMultiset" tests="1" failures="0" timestamp="12 Jun 2018 14:25:12 GMT" time="3.912" errors="0">
  <testcase name="isFavMultiset" time="3.912" classname="API_VootKids_Sprint3.FavouriteMultiset"/>
</testsuite> <!-- API_VootKids_Sprint3.FavouriteMultiset -->
