<?xml version="1.0" encoding="UTF-8"?>
<!-- Generated by org.testng.reporters.JUnitReportReporter -->
<testsuite hostname="IFOCUSODC-PC47" name="API_VootKids_Sprint4.RecommendationEbook" tests="1" failures="0" timestamp="12 Jun 2018 18:41:25 GMT" time="9.814" errors="0">
  <testcase name="recommendationEbook" time="9.814" classname="API_VootKids_Sprint4.RecommendationEbook"/>
</testsuite> <!-- API_VootKids_Sprint4.RecommendationEbook -->
