<?xml version="1.0" encoding="UTF-8"?>
<!-- Generated by org.testng.reporters.JUnitReportReporter -->
<testsuite hostname="IFOCUSODC-PC47" name="API_VootKids_Sprint3.FavListPage" tests="1" failures="0" timestamp="12 Jun 2018 11:16:15 GMT" time="4.667" errors="0">
  <testcase name="favListPage" time="4.667" classname="API_VootKids_Sprint3.FavListPage"/>
</testsuite> <!-- API_VootKids_Sprint3.FavListPage -->
