<?xml version="1.0" encoding="UTF-8"?>
<!-- Generated by org.testng.reporters.JUnitReportReporter -->
<testsuite hostname="IFOCUSODC-PC47" name="API_VootKids_Sprint4.ProgramInfoAudio" tests="1" failures="0" timestamp="12 Jun 2018 18:26:05 GMT" time="7.013" errors="0">
  <testcase name="programInfoAudio" time="7.013" classname="API_VootKids_Sprint4.ProgramInfoAudio"/>
</testsuite> <!-- API_VootKids_Sprint4.ProgramInfoAudio -->
