<?xml version="1.0" encoding="UTF-8"?>
<!-- Generated by org.testng.reporters.JUnitReportReporter -->
<testsuite hostname="IFOCUSODC-PC47" name="API_VootKids_Sprint1.CreateProfile" tests="1" failures="0" timestamp="7 Jun 2018 12:54:51 GMT" time="9.342" errors="0">
  <testcase name="Create_Profiles" time="9.342" classname="API_VootKids_Sprint1.CreateProfile"/>
</testsuite> <!-- API_VootKids_Sprint1.CreateProfile -->
