<?xml version="1.0" encoding="UTF-8"?>
<!-- Generated by org.testng.reporters.JUnitReportReporter -->
<testsuite hostname="IFOCUSODC-PC47" name="API_VootKids_Sprint1.ForgotPassword" tests="1" failures="0" timestamp="7 Jun 2018 10:56:18 GMT" time="5.993" errors="0">
  <testcase name="Forgot_Password" time="5.993" classname="API_VootKids_Sprint1.ForgotPassword"/>
</testsuite> <!-- API_VootKids_Sprint1.ForgotPassword -->
