<?xml version="1.0" encoding="UTF-8"?>
<!-- Generated by org.testng.reporters.JUnitReportReporter -->
<testsuite hostname="IFOCUSODC-PC47" name="API_VootKids.Home" tests="1" failures="0" timestamp="11 May 2018 18:07:20 GMT" time="3.924" errors="0">
  <testcase name="home" time="3.924" classname="API_VootKids.Home"/>
</testsuite> <!-- API_VootKids.Home -->
