<?xml version="1.0" encoding="UTF-8"?>
<!-- Generated by org.testng.reporters.JUnitReportReporter -->
<testsuite hostname="IFOCUSODC-PC47" name="API_VootKids_Sprint2.GetTrayMediaList" tests="1" failures="0" timestamp="8 Jun 2018 11:33:46 GMT" time="43.606" errors="0">
  <testcase name="gettraymedialist" time="43.606" classname="API_VootKids_Sprint2.GetTrayMediaList"/>
</testsuite> <!-- API_VootKids_Sprint2.GetTrayMediaList -->
