<?xml version="1.0" encoding="UTF-8"?>
<!-- Generated by org.testng.reporters.JUnitReportReporter -->
<testsuite hostname="IFOCUSODC-PC47" name="API_VootKids.Tabs" tests="1" failures="0" timestamp="11 May 2018 17:51:04 GMT" time="0.255" errors="0">
  <testcase name="tabs" time="0.255" classname="API_VootKids.Tabs"/>
</testsuite> <!-- API_VootKids.Tabs -->
