<?xml version="1.0" encoding="UTF-8"?>
<!-- Generated by org.testng.reporters.JUnitReportReporter -->
<testsuite hostname="IFOCUSODC-PC47" name="API_VootKids_Sprint4.ProgrameInfoEBook" tests="1" failures="0" timestamp="12 Jun 2018 18:14:53 GMT" time="6.856" errors="0">
  <testcase name="programInfoEBook" time="6.856" classname="API_VootKids_Sprint4.ProgrameInfoEBook"/>
</testsuite> <!-- API_VootKids_Sprint4.ProgrameInfoEBook -->
