<?xml version="1.0" encoding="UTF-8"?>
<!-- Generated by org.testng.reporters.JUnitReportReporter -->
<testsuite hostname="IFOCUSODC-PC47" name="AP1_Prod.PrasadDemo" tests="1" failures="0" timestamp="5 Jun 2018 17:42:19 GMT" time="4.842" errors="0">
  <testcase name="Demo" time="4.842" classname="AP1_Prod.PrasadDemo"/>
</testsuite> <!-- AP1_Prod.PrasadDemo -->
