<?xml version="1.0" encoding="UTF-8"?>
<!-- Generated by org.testng.reporters.JUnitReportReporter -->
<testsuite hostname="IFOCUSODC-PC47" name="API_VootKids.Config" tests="1" failures="0" timestamp="11 May 2018 17:51:04 GMT" time="2.005" errors="0">
  <testcase name="config" time="2.005" classname="API_VootKids.Config"/>
</testsuite> <!-- API_VootKids.Config -->
