<?xml version="1.0" encoding="UTF-8"?>
<!-- Generated by org.testng.reporters.JUnitReportReporter -->
<testsuite hostname="IFOCUSODC-PC47" name="API_VootKids_Sprint1.UpdateProfile" tests="1" failures="0" timestamp="8 Jun 2018 09:50:01 GMT" time="3.356" errors="0">
  <testcase name="SignUp_Kids" time="3.356" classname="API_VootKids_Sprint1.UpdateProfile"/>
</testsuite> <!-- API_VootKids_Sprint1.UpdateProfile -->
