<?xml version="1.0" encoding="UTF-8"?>
<!-- Generated by org.testng.reporters.JUnitReportReporter -->
<testsuite hostname="IFOCUSODC-PC47" name="API_VootKids_Sprint2.kidscharacters" tests="1" failures="0" timestamp="8 Jun 2018 11:32:22 GMT" time="36.021" errors="0">
  <testcase name="kidsCharacters" time="36.021" classname="API_VootKids_Sprint2.kidscharacters"/>
</testsuite> <!-- API_VootKids_Sprint2.kidscharacters -->
