<?xml version="1.0" encoding="UTF-8"?>
<!-- Generated by org.testng.reporters.JUnitReportReporter -->
<testsuite hostname="IFOCUSODC-PC47" name="API_VootKids.GetProfile" tests="1" failures="0" timestamp="11 May 2018 17:51:04 GMT" time="4.623" errors="0">
  <testcase name="Get_ChildProfiles" time="4.623" classname="API_VootKids.GetProfile"/>
</testsuite> <!-- API_VootKids.GetProfile -->
