<?xml version="1.0" encoding="UTF-8"?>
<!-- Generated by org.testng.reporters.JUnitReportReporter -->
<testsuite hostname="IFOCUSODC-PC47" name="API_VootKids_Sprint3.Ebook" tests="1" failures="0" timestamp="11 Jun 2018 10:33:57 GMT" time="9.121" errors="0">
  <testcase name="eBook" time="9.121" classname="API_VootKids_Sprint3.Ebook"/>
</testsuite> <!-- API_VootKids_Sprint3.Ebook -->
