<?xml version="1.0" encoding="UTF-8"?>
<!-- Generated by org.testng.reporters.JUnitReportReporter -->
<testsuite hostname="IFOCUSODC-PC47" name="API_VootKids.UpdateProfile" tests="1" failures="0" timestamp="11 May 2018 17:51:04 GMT" time="20.085" errors="0">
  <testcase name="SignUp_Kids" time="20.085" classname="API_VootKids.UpdateProfile"/>
</testsuite> <!-- API_VootKids.UpdateProfile -->
