<?xml version="1.0" encoding="UTF-8"?>
<!-- Generated by org.testng.reporters.JUnitReportReporter -->
<testsuite hostname="IFOCUSODC-PC47" name="API_VootKids_Sprint1.GetProfile" tests="1" failures="0" timestamp="6 Jun 2018 11:36:30 GMT" time="4.258" errors="0">
  <testcase name="Get_ChildProfiles" time="4.258" classname="API_VootKids_Sprint1.GetProfile"/>
</testsuite> <!-- API_VootKids_Sprint1.GetProfile -->
