<?xml version="1.0" encoding="UTF-8"?>
<!-- Generated by org.testng.reporters.JUnitReportReporter -->
<testsuite hostname="IFOCUSODC-PC47" name="API_VootKids.SwitchProfile" tests="1" failures="0" timestamp="14 May 2018 14:55:36 GMT" time="4.179" errors="0">
  <testcase name="Swith_Profile" time="4.179" classname="API_VootKids.SwitchProfile"/>
</testsuite> <!-- API_VootKids.SwitchProfile -->
