<?xml version="1.0" encoding="UTF-8"?>
<!-- Generated by org.testng.reporters.JUnitReportReporter -->
<testsuite hostname="IFOCUSODC-PC47" name="API_VootKids_Sprint4.EBookDailyPicks" tests="1" failures="0" timestamp="12 Jun 2018 17:19:58 GMT" time="6.655" errors="0">
  <testcase name="eBookDailyPicks" time="6.655" classname="API_VootKids_Sprint4.EBookDailyPicks"/>
</testsuite> <!-- API_VootKids_Sprint4.EBookDailyPicks -->
