<?xml version="1.0" encoding="UTF-8"?>
<!-- Generated by org.testng.reporters.JUnitReportReporter -->
<testsuite hostname="IFOCUSODC-PC47" name="API_VootKids_Sprint1.CreatePin" tests="1" failures="0" timestamp="7 Jun 2018 10:40:02 GMT" time="52.626" errors="0">
  <testcase name="CreatePin1" time="52.626" classname="API_VootKids_Sprint1.CreatePin"/>
</testsuite> <!-- API_VootKids_Sprint1.CreatePin -->
