<?xml version="1.0" encoding="UTF-8"?>
<!-- Generated by org.testng.reporters.JUnitReportReporter -->
<testsuite hostname="IFOCUSODC-PC5" name="SamplePackage.Sample_KUserRegistraton" tests="1" failures="0" timestamp="16 Jun 2018 08:40:12 GMT" time="4.750" errors="0">
  <testcase name="kUserRegistration" time="4.750" classname="SamplePackage.Sample_KUserRegistraton"/>
</testsuite> <!-- SamplePackage.Sample_KUserRegistraton -->
