<?xml version="1.0" encoding="UTF-8"?>
<!-- Generated by org.testng.reporters.JUnitReportReporter -->
<testsuite hostname="IFOCUSODC-PC47" name="API_VootKids_Sprint3.ProgramInfo" tests="1" failures="0" timestamp="12 Jun 2018 16:59:15 GMT" time="6.885" errors="0">
  <testcase name="programInfo" time="6.885" classname="API_VootKids_Sprint3.ProgramInfo"/>
</testsuite> <!-- API_VootKids_Sprint3.ProgramInfo -->
