<?xml version="1.0" encoding="UTF-8"?>
<!-- Generated by org.testng.reporters.JUnitReportReporter -->
<testsuite hostname="IFOCUSODC-PC47" name="API_VootKids_Sprint4.PlaybackAudio" tests="1" failures="0" timestamp="12 Jun 2018 17:52:11 GMT" time="11.349" errors="0">
  <testcase name="playbackAudio" time="11.349" classname="API_VootKids_Sprint4.PlaybackAudio"/>
</testsuite> <!-- API_VootKids_Sprint4.PlaybackAudio -->
