<?xml version="1.0" encoding="UTF-8"?>
<!-- Generated by org.testng.reporters.JUnitReportReporter -->
<testsuite hostname="IFOCUSODC-PC47" name="API_VootKids_Sprint1.Home" tests="1" failures="0" timestamp="7 Jun 2018 12:03:53 GMT" time="3.243" errors="0">
  <testcase name="home" time="3.243" classname="API_VootKids_Sprint1.Home"/>
</testsuite> <!-- API_VootKids_Sprint1.Home -->
