<?xml version="1.0" encoding="UTF-8"?>
<!-- Generated by org.testng.reporters.JUnitReportReporter -->
<testsuite hostname="IFOCUSODC-PC47" name="API_VootKids_Sprint3.AllEpisode" tests="1" failures="0" timestamp="11 Jun 2018 09:55:50 GMT" time="9.934" errors="0">
  <testcase name="AllEpisodes_Page" time="9.934" classname="API_VootKids_Sprint3.AllEpisode"/>
</testsuite> <!-- API_VootKids_Sprint3.AllEpisode -->
